{"D:\\devops-app\\src\\app.ts": {"path":"D:\\devops-app\\src\\app.ts","statementMap":{"0":{"start":{"line":11,"column":32},"end":{"line":11,"column":41}},"1":{"start":{"line":13,"column":0},"end":{"line":13,"column":16}},"2":{"start":{"line":14,"column":0},"end":{"line":14,"column":24}},"3":{"start":{"line":15,"column":0},"end":{"line":15,"column":16}},"4":{"start":{"line":16,"column":0},"end":{"line":16,"column":25}}},"fnMap":{},"branchMap":{},"s":{"0":2,"1":2,"2":2,"3":2,"4":2},"f":{},"b":{}}
,"D:\\devops-app\\src\\domain\\services\\devOpsService.ts": {"path":"D:\\devops-app\\src\\domain\\services\\devOpsService.ts","statementMap":{"0":{"start":{"line":8,"column":24},"end":{"line":37,"column":1}},"1":{"start":{"line":11,"column":4},"end":{"line":17,"column":5}},"2":{"start":{"line":12,"column":8},"end":{"line":16,"column":9}},"3":{"start":{"line":13,"column":12},"end":{"line":15,"column":14}},"4":{"start":{"line":19,"column":19},"end":{"line":19,"column":26}},"5":{"start":{"line":21,"column":4},"end":{"line":24,"column":5}},"6":{"start":{"line":23,"column":8},"end":{"line":23,"column":48}},"7":{"start":{"line":26,"column":4},"end":{"line":28,"column":5}},"8":{"start":{"line":27,"column":8},"end":{"line":27,"column":34}},"9":{"start":{"line":30,"column":21},"end":{"line":30,"column":51}},"10":{"start":{"line":31,"column":27},"end":{"line":31,"column":70}},"11":{"start":{"line":33,"column":4},"end":{"line":36,"column":6}}},"fnMap":{"0":{"name":"(anonymous_0)","decl":{"start":{"line":8,"column":24},"end":{"line":8,"column":25}},"loc":{"start":{"line":8,"column":93},"end":{"line":37,"column":1}}}},"branchMap":{"0":{"loc":{"start":{"line":11,"column":4},"end":{"line":17,"column":5}},"type":"if","locations":[{"start":{"line":11,"column":4},"end":{"line":17,"column":5}},{"start":{},"end":{}}]},"1":{"loc":{"start":{"line":12,"column":8},"end":{"line":16,"column":9}},"type":"if","locations":[{"start":{"line":12,"column":8},"end":{"line":16,"column":9}},{"start":{},"end":{}}]},"2":{"loc":{"start":{"line":21,"column":4},"end":{"line":24,"column":5}},"type":"if","locations":[{"start":{"line":21,"column":4},"end":{"line":24,"column":5}},{"start":{},"end":{}}]},"3":{"loc":{"start":{"line":21,"column":8},"end":{"line":21,"column":23}},"type":"binary-expr","locations":[{"start":{"line":21,"column":8},"end":{"line":21,"column":16}},{"start":{"line":21,"column":20},"end":{"line":21,"column":23}}]},"4":{"loc":{"start":{"line":26,"column":4},"end":{"line":28,"column":5}},"type":"if","locations":[{"start":{"line":26,"column":4},"end":{"line":28,"column":5}},{"start":{},"end":{}}]}},"s":{"0":2,"1":0,"2":0,"3":0,"4":0,"5":0,"6":0,"7":0,"8":0,"9":0,"10":0,"11":0},"f":{"0":0},"b":{"0":[0,0],"1":[0,0],"2":[0,0],"3":[0,0],"4":[0,0]}}
,"D:\\devops-app\\src\\domain\\services\\redisClient.ts": {"path":"D:\\devops-app\\src\\domain\\services\\redisClient.ts","statementMap":{"0":{"start":{"line":3,"column":18},"end":{"line":3,"column":55}},"1":{"start":{"line":4,"column":18},"end":{"line":4,"column":64}},"2":{"start":{"line":7,"column":18},"end":{"line":9,"column":2}},"3":{"start":{"line":11,"column":0},"end":{"line":11,"column":75}},"4":{"start":{"line":11,"column":33},"end":{"line":11,"column":73}},"5":{"start":{"line":13,"column":28},"end":{"line":26,"column":1}},"6":{"start":{"line":15,"column":4},"end":{"line":20,"column":5}},"7":{"start":{"line":16,"column":8},"end":{"line":18,"column":11}},"8":{"start":{"line":19,"column":8},"end":{"line":19,"column":83}},"9":{"start":{"line":19,"column":41},"end":{"line":19,"column":81}},"10":{"start":{"line":22,"column":4},"end":{"line":25,"column":5}},"11":{"start":{"line":23,"column":8},"end":{"line":23,"column":36}},"12":{"start":{"line":24,"column":8},"end":{"line":24,"column":53}},"13":{"start":{"line":31,"column":31},"end":{"line":40,"column":1}},"14":{"start":{"line":32,"column":4},"end":{"line":39,"column":5}},"15":{"start":{"line":38,"column":8},"end":{"line":38,"column":43}}},"fnMap":{"0":{"name":"(anonymous_0)","decl":{"start":{"line":11,"column":24},"end":{"line":11,"column":25}},"loc":{"start":{"line":11,"column":33},"end":{"line":11,"column":73}}},"1":{"name":"(anonymous_1)","decl":{"start":{"line":13,"column":28},"end":{"line":13,"column":33}},"loc":{"start":{"line":13,"column":39},"end":{"line":26,"column":1}}},"2":{"name":"(anonymous_2)","decl":{"start":{"line":19,"column":32},"end":{"line":19,"column":33}},"loc":{"start":{"line":19,"column":41},"end":{"line":19,"column":81}}},"3":{"name":"(anonymous_3)","decl":{"start":{"line":31,"column":31},"end":{"line":31,"column":36}},"loc":{"start":{"line":31,"column":42},"end":{"line":40,"column":1}}}},"branchMap":{"0":{"loc":{"start":{"line":3,"column":18},"end":{"line":3,"column":55}},"type":"binary-expr","locations":[{"start":{"line":3,"column":18},"end":{"line":3,"column":40}},{"start":{"line":3,"column":44},"end":{"line":3,"column":55}}]},"1":{"loc":{"start":{"line":4,"column":27},"end":{"line":4,"column":59}},"type":"binary-expr","locations":[{"start":{"line":4,"column":27},"end":{"line":4,"column":49}},{"start":{"line":4,"column":53},"end":{"line":4,"column":59}}]},"2":{"loc":{"start":{"line":15,"column":4},"end":{"line":20,"column":5}},"type":"if","locations":[{"start":{"line":15,"column":4},"end":{"line":20,"column":5}},{"start":{},"end":{}}]},"3":{"loc":{"start":{"line":15,"column":8},"end":{"line":15,"column":51}},"type":"binary-expr","locations":[{"start":{"line":15,"column":8},"end":{"line":15,"column":27}},{"start":{"line":15,"column":31},"end":{"line":15,"column":51}}]},"4":{"loc":{"start":{"line":22,"column":4},"end":{"line":25,"column":5}},"type":"if","locations":[{"start":{"line":22,"column":4},"end":{"line":25,"column":5}},{"start":{},"end":{}}]},"5":{"loc":{"start":{"line":32,"column":4},"end":{"line":39,"column":5}},"type":"if","locations":[{"start":{"line":32,"column":4},"end":{"line":39,"column":5}},{"start":{},"end":{}}]}},"s":{"0":2,"1":2,"2":2,"3":2,"4":0,"5":2,"6":0,"7":0,"8":0,"9":0,"10":0,"11":0,"12":0,"13":2,"14":0,"15":0},"f":{"0":0,"1":0,"2":0,"3":0},"b":{"0":[2,2],"1":[2,2],"2":[0,0],"3":[0,0],"4":[0,0],"5":[0,0]}}
,"D:\\devops-app\\src\\infrastructure\\cache\\jwtCache.ts": {"path":"D:\\devops-app\\src\\infrastructure\\cache\\jwtCache.ts","statementMap":{"0":{"start":{"line":4,"column":27},"end":{"line":4,"column":44}},"1":{"start":{"line":6,"column":19},"end":{"line":8,"column":1}},"2":{"start":{"line":7,"column":4},"end":{"line":7,"column":32}},"3":{"start":{"line":10,"column":15},"end":{"line":12,"column":1}},"4":{"start":{"line":11,"column":4},"end":{"line":11,"column":39}}},"fnMap":{"0":{"name":"(anonymous_0)","decl":{"start":{"line":6,"column":19},"end":{"line":6,"column":20}},"loc":{"start":{"line":6,"column":41},"end":{"line":8,"column":1}}},"1":{"name":"(anonymous_1)","decl":{"start":{"line":10,"column":15},"end":{"line":10,"column":16}},"loc":{"start":{"line":10,"column":40},"end":{"line":12,"column":1}}}},"branchMap":{},"s":{"0":2,"1":2,"2":0,"3":2,"4":0},"f":{"0":0,"1":0},"b":{}}
,"D:\\devops-app\\src\\infrastructure\\context\\envVariables.ts": {"path":"D:\\devops-app\\src\\infrastructure\\context\\envVariables.ts","statementMap":{"0":{"start":{"line":4,"column":24},"end":{"line":4,"column":51}},"1":{"start":{"line":5,"column":27},"end":{"line":5,"column":57}},"2":{"start":{"line":6,"column":25},"end":{"line":6,"column":53}},"3":{"start":{"line":7,"column":27},"end":{"line":7,"column":64}},"4":{"start":{"line":8,"column":25},"end":{"line":8,"column":53}},"5":{"start":{"line":9,"column":23},"end":{"line":9,"column":49}},"6":{"start":{"line":10,"column":24},"end":{"line":10,"column":51}},"7":{"start":{"line":11,"column":19},"end":{"line":11,"column":47}},"8":{"start":{"line":12,"column":31},"end":{"line":12,"column":66}},"9":{"start":{"line":13,"column":20},"end":{"line":13,"column":43}},"10":{"start":{"line":14,"column":24},"end":{"line":14,"column":51}},"11":{"start":{"line":15,"column":19},"end":{"line":15,"column":41}},"12":{"start":{"line":16,"column":20},"end":{"line":16,"column":53}},"13":{"start":{"line":17,"column":13},"end":{"line":17,"column":30}}},"fnMap":{},"branchMap":{"0":{"loc":{"start":{"line":7,"column":27},"end":{"line":7,"column":64}},"type":"binary-expr","locations":[{"start":{"line":7,"column":27},"end":{"line":7,"column":57}},{"start":{"line":7,"column":61},"end":{"line":7,"column":64}}]},"1":{"loc":{"start":{"line":11,"column":19},"end":{"line":11,"column":47}},"type":"binary-expr","locations":[{"start":{"line":11,"column":19},"end":{"line":11,"column":41}},{"start":{"line":11,"column":45},"end":{"line":11,"column":47}}]},"2":{"loc":{"start":{"line":16,"column":20},"end":{"line":16,"column":53}},"type":"binary-expr","locations":[{"start":{"line":16,"column":20},"end":{"line":16,"column":40}},{"start":{"line":16,"column":44},"end":{"line":16,"column":53}}]}},"s":{"0":2,"1":2,"2":2,"3":2,"4":2,"5":2,"6":2,"7":2,"8":2,"9":2,"10":2,"11":2,"12":2,"13":2},"f":{},"b":{"0":[2,0],"1":[2,0],"2":[2,0]}}
,"D:\\devops-app\\src\\infrastructure\\middleware\\apiKeyValidator.ts": {"path":"D:\\devops-app\\src\\infrastructure\\middleware\\apiKeyValidator.ts","statementMap":{"0":{"start":{"line":7,"column":22},"end":{"line":7,"column":49}},"1":{"start":{"line":9,"column":20},"end":{"line":18,"column":1}},"2":{"start":{"line":11,"column":24},"end":{"line":11,"column":47}},"3":{"start":{"line":12,"column":4},"end":{"line":16,"column":5}},"4":{"start":{"line":13,"column":8},"end":{"line":15,"column":11}},"5":{"start":{"line":17,"column":4},"end":{"line":17,"column":11}}},"fnMap":{"0":{"name":"(anonymous_0)","decl":{"start":{"line":9,"column":20},"end":{"line":9,"column":21}},"loc":{"start":{"line":9,"column":72},"end":{"line":18,"column":1}}}},"branchMap":{"0":{"loc":{"start":{"line":12,"column":4},"end":{"line":16,"column":5}},"type":"if","locations":[{"start":{"line":12,"column":4},"end":{"line":16,"column":5}},{"start":{},"end":{}}]},"1":{"loc":{"start":{"line":12,"column":8},"end":{"line":12,"column":53}},"type":"binary-expr","locations":[{"start":{"line":12,"column":8},"end":{"line":12,"column":20}},{"start":{"line":12,"column":24},"end":{"line":12,"column":53}}]}},"s":{"0":2,"1":2,"2":5,"3":5,"4":2,"5":3},"f":{"0":5},"b":{"0":[2,3],"1":[5,3]}}
,"D:\\devops-app\\src\\infrastructure\\middleware\\checkUrlOrHeader.ts": {"path":"D:\\devops-app\\src\\infrastructure\\middleware\\checkUrlOrHeader.ts","statementMap":{"0":{"start":{"line":5,"column":24},"end":{"line":12,"column":1}},"1":{"start":{"line":6,"column":4},"end":{"line":11,"column":7}}},"fnMap":{"0":{"name":"(anonymous_0)","decl":{"start":{"line":5,"column":24},"end":{"line":5,"column":25}},"loc":{"start":{"line":5,"column":56},"end":{"line":12,"column":1}}}},"branchMap":{},"s":{"0":2,"1":0},"f":{"0":0},"b":{}}
,"D:\\devops-app\\src\\infrastructure\\middleware\\jwtValidator.ts": {"path":"D:\\devops-app\\src\\infrastructure\\middleware\\jwtValidator.ts","statementMap":{"0":{"start":{"line":10,"column":29},"end":{"line":10,"column":55}},"1":{"start":{"line":13,"column":49},"end":{"line":13,"column":68}},"2":{"start":{"line":27,"column":28},"end":{"line":86,"column":1}},"3":{"start":{"line":29,"column":20},"end":{"line":29,"column":43}},"4":{"start":{"line":32,"column":23},"end":{"line":32,"column":48}},"5":{"start":{"line":33,"column":20},"end":{"line":33,"column":98}},"6":{"start":{"line":34,"column":21},"end":{"line":34,"column":62}},"7":{"start":{"line":38,"column":4},"end":{"line":42,"column":5}},"8":{"start":{"line":39,"column":8},"end":{"line":41,"column":11}},"9":{"start":{"line":44,"column":4},"end":{"line":85,"column":5}},"10":{"start":{"line":46,"column":24},"end":{"line":46,"column":105}},"11":{"start":{"line":48,"column":30},"end":{"line":48,"column":41}},"12":{"start":{"line":49,"column":31},"end":{"line":49,"column":42}},"13":{"start":{"line":52,"column":23},"end":{"line":52,"column":59}},"14":{"start":{"line":54,"column":8},"end":{"line":56,"column":9}},"15":{"start":{"line":55,"column":12},"end":{"line":55,"column":70}},"16":{"start":{"line":59,"column":20},"end":{"line":59,"column":49}},"17":{"start":{"line":60,"column":20},"end":{"line":60,"column":40}},"18":{"start":{"line":62,"column":8},"end":{"line":66,"column":9}},"19":{"start":{"line":63,"column":12},"end":{"line":65,"column":15}},"20":{"start":{"line":68,"column":8},"end":{"line":68,"column":46}},"21":{"start":{"line":70,"column":8},"end":{"line":70,"column":15}},"22":{"start":{"line":74,"column":8},"end":{"line":76,"column":9}},"23":{"start":{"line":75,"column":13},"end":{"line":75,"column":88}},"24":{"start":{"line":78,"column":8},"end":{"line":80,"column":9}},"25":{"start":{"line":79,"column":12},"end":{"line":79,"column":66}},"26":{"start":{"line":83,"column":8},"end":{"line":83,"column":76}},"27":{"start":{"line":84,"column":8},"end":{"line":84,"column":79}}},"fnMap":{"0":{"name":"(anonymous_0)","decl":{"start":{"line":27,"column":28},"end":{"line":27,"column":33}},"loc":{"start":{"line":27,"column":86},"end":{"line":86,"column":1}}}},"branchMap":{"0":{"loc":{"start":{"line":10,"column":29},"end":{"line":10,"column":55}},"type":"binary-expr","locations":[{"start":{"line":10,"column":29},"end":{"line":10,"column":48}},{"start":{"line":10,"column":52},"end":{"line":10,"column":55}}]},"1":{"loc":{"start":{"line":38,"column":4},"end":{"line":42,"column":5}},"type":"if","locations":[{"start":{"line":38,"column":4},"end":{"line":42,"column":5}},{"start":{},"end":{}}]},"2":{"loc":{"start":{"line":54,"column":8},"end":{"line":56,"column":9}},"type":"if","locations":[{"start":{"line":54,"column":8},"end":{"line":56,"column":9}},{"start":{},"end":{}}]},"3":{"loc":{"start":{"line":62,"column":8},"end":{"line":66,"column":9}},"type":"if","locations":[{"start":{"line":62,"column":8},"end":{"line":66,"column":9}},{"start":{},"end":{}}]},"4":{"loc":{"start":{"line":74,"column":8},"end":{"line":76,"column":9}},"type":"if","locations":[{"start":{"line":74,"column":8},"end":{"line":76,"column":9}},{"start":{},"end":{}}]},"5":{"loc":{"start":{"line":78,"column":8},"end":{"line":80,"column":9}},"type":"if","locations":[{"start":{"line":78,"column":8},"end":{"line":80,"column":9}},{"start":{},"end":{}}]}},"s":{"0":2,"1":2,"2":2,"3":3,"4":3,"5":3,"6":3,"7":3,"8":0,"9":3,"10":3,"11":3,"12":3,"13":3,"14":0,"15":0,"16":0,"17":0,"18":0,"19":0,"20":0,"21":0,"22":3,"23":0,"24":3,"25":0,"26":3,"27":3},"f":{"0":3},"b":{"0":[2,0],"1":[0,3],"2":[0,0],"3":[0,0],"4":[0,3],"5":[0,3]}}
,"D:\\devops-app\\src\\infrastructure\\middleware\\methodValidator.ts": {"path":"D:\\devops-app\\src\\infrastructure\\middleware\\methodValidator.ts","statementMap":{"0":{"start":{"line":6,"column":24},"end":{"line":13,"column":1}},"1":{"start":{"line":8,"column":4},"end":{"line":10,"column":5}},"2":{"start":{"line":9,"column":8},"end":{"line":9,"column":56}},"3":{"start":{"line":12,"column":4},"end":{"line":12,"column":11}}},"fnMap":{"0":{"name":"(anonymous_0)","decl":{"start":{"line":6,"column":24},"end":{"line":6,"column":25}},"loc":{"start":{"line":6,"column":76},"end":{"line":13,"column":1}}}},"branchMap":{"0":{"loc":{"start":{"line":8,"column":4},"end":{"line":10,"column":5}},"type":"if","locations":[{"start":{"line":8,"column":4},"end":{"line":10,"column":5}},{"start":{},"end":{}}]}},"s":{"0":2,"1":5,"2":0,"3":5},"f":{"0":5},"b":{"0":[0,5]}}
,"D:\\devops-app\\src\\infrastructure\\utils\\jwtGenerator.ts": {"path":"D:\\devops-app\\src\\infrastructure\\utils\\jwtGenerator.ts","statementMap":{"0":{"start":{"line":8,"column":37},"end":{"line":24,"column":1}},"1":{"start":{"line":10,"column":26},"end":{"line":10,"column":34}},"2":{"start":{"line":12,"column":20},"end":{"line":15,"column":6}},"3":{"start":{"line":17,"column":18},"end":{"line":20,"column":null}},"4":{"start":{"line":23,"column":4},"end":{"line":23,"column":17}}},"fnMap":{"0":{"name":"(anonymous_0)","decl":{"start":{"line":8,"column":37},"end":{"line":8,"column":48}},"loc":{"start":{"line":8,"column":50},"end":{"line":24,"column":1}}}},"branchMap":{},"s":{"0":2,"1":2,"2":2,"3":2,"4":2},"f":{"0":2},"b":{}}
,"D:\\devops-app\\src\\infrastructure\\utils\\utils.ts": {"path":"D:\\devops-app\\src\\infrastructure\\utils\\utils.ts","statementMap":{"0":{"start":{"line":5,"column":19},"end":{"line":10,"column":1}},"1":{"start":{"line":6,"column":4},"end":{"line":6,"column":20}},"2":{"start":{"line":7,"column":4},"end":{"line":9,"column":7}}},"fnMap":{"0":{"name":"(anonymous_0)","decl":{"start":{"line":5,"column":19},"end":{"line":5,"column":20}},"loc":{"start":{"line":5,"column":51},"end":{"line":10,"column":1}}}},"branchMap":{},"s":{"0":2,"1":0,"2":0},"f":{"0":0},"b":{}}
,"D:\\devops-app\\src\\presentation\\controllers\\DevOpsController.ts": {"path":"D:\\devops-app\\src\\presentation\\controllers\\DevOpsController.ts","statementMap":{"0":{"start":{"line":9,"column":20},"end":{"line":18,"column":1}},"1":{"start":{"line":10,"column":2},"end":{"line":17,"column":5}},"2":{"start":{"line":11,"column":30},"end":{"line":11,"column":47}},"3":{"start":{"line":12,"column":24},"end":{"line":12,"column":55}},"4":{"start":{"line":13,"column":29},"end":{"line":13,"column":68}},"5":{"start":{"line":14,"column":8},"end":{"line":14,"column":43}},"6":{"start":{"line":16,"column":8},"end":{"line":16,"column":40}}},"fnMap":{"0":{"name":"(anonymous_0)","decl":{"start":{"line":9,"column":20},"end":{"line":9,"column":25}},"loc":{"start":{"line":9,"column":58},"end":{"line":18,"column":1}}}},"branchMap":{},"s":{"0":2,"1":0,"2":0,"3":0,"4":0,"5":0,"6":0},"f":{"0":0},"b":{}}
,"D:\\devops-app\\src\\presentation\\routes\\devOpsRouter.ts": {"path":"D:\\devops-app\\src\\presentation\\routes\\devOpsRouter.ts","statementMap":{"0":{"start":{"line":10,"column":15},"end":{"line":10,"column":23}},"1":{"start":{"line":12,"column":0},"end":{"line":14,"column":2}}},"fnMap":{},"branchMap":{},"s":{"0":2,"1":2},"f":{},"b":{}}
,"D:\\devops-app\\src\\presentation\\routes\\index.ts": {"path":"D:\\devops-app\\src\\presentation\\routes\\index.ts","statementMap":{"0":{"start":{"line":8,"column":19},"end":{"line":8,"column":49}},"1":{"start":{"line":9,"column":20},"end":{"line":9,"column":55}},"2":{"start":{"line":10,"column":15},"end":{"line":10,"column":23}},"3":{"start":{"line":12,"column":22},"end":{"line":15,"column":1}},"4":{"start":{"line":13,"column":17},"end":{"line":13,"column":44}},"5":{"start":{"line":14,"column":4},"end":{"line":14,"column":16}},"6":{"start":{"line":18,"column":0},"end":{"line":30,"column":3}},"7":{"start":{"line":19,"column":22},"end":{"line":19,"column":45}},"8":{"start":{"line":22,"column":4},"end":{"line":29,"column":5}},"9":{"start":{"line":23,"column":8},"end":{"line":28,"column":11}},"10":{"start":{"line":24,"column":12},"end":{"line":24,"column":61}},"11":{"start":{"line":27,"column":12},"end":{"line":27,"column":82}}},"fnMap":{"0":{"name":"(anonymous_0)","decl":{"start":{"line":12,"column":22},"end":{"line":12,"column":23}},"loc":{"start":{"line":12,"column":43},"end":{"line":15,"column":1}}},"1":{"name":"(anonymous_1)","decl":{"start":{"line":18,"column":32},"end":{"line":18,"column":33}},"loc":{"start":{"line":18,"column":45},"end":{"line":30,"column":1}}},"2":{"name":"(anonymous_2)","decl":{"start":{"line":23,"column":41},"end":{"line":23,"column":42}},"loc":{"start":{"line":23,"column":58},"end":{"line":25,"column":9}}},"3":{"name":"(anonymous_3)","decl":{"start":{"line":26,"column":15},"end":{"line":26,"column":20}},"loc":{"start":{"line":26,"column":23},"end":{"line":28,"column":9}}}},"branchMap":{"0":{"loc":{"start":{"line":22,"column":4},"end":{"line":29,"column":5}},"type":"if","locations":[{"start":{"line":22,"column":4},"end":{"line":29,"column":5}},{"start":{},"end":{}}]}},"s":{"0":2,"1":2,"2":2,"3":2,"4":4,"5":4,"6":2,"7":4,"8":4,"9":2,"10":2,"11":0},"f":{"0":4,"1":4,"2":2,"3":0},"b":{"0":[2,2]}}
,"D:\\devops-app\\src\\types\\express.d.ts": {"path":"D:\\devops-app\\src\\types\\express.d.ts","statementMap":{},"fnMap":{},"branchMap":{},"s":{},"f":{},"b":{}}
}
