TN:
SF:src\app.ts
FNF:0
FNH:0
DA:11,2
DA:13,2
DA:14,2
DA:15,2
DA:16,2
LF:5
LH:5
BRF:0
BRH:0
end_of_record
TN:
SF:src\domain\services\devOpsService.ts
FN:8,(anonymous_0)
FNF:1
FNH:1
FNDA:2,(anonymous_0)
DA:8,2
DA:11,2
DA:12,2
DA:13,0
DA:19,2
DA:21,2
DA:23,0
DA:26,2
DA:27,2
DA:30,2
DA:31,2
DA:33,2
LF:12
LH:10
BRDA:11,0,0,2
BRDA:11,0,1,0
BRDA:12,1,0,0
BRDA:12,1,1,2
BRDA:21,2,0,0
BRDA:21,2,1,2
BRDA:21,3,0,2
BRDA:21,3,1,2
BRDA:26,4,0,2
BRDA:26,4,1,0
BRF:10
BRH:6
end_of_record
TN:
SF:src\infrastructure\cache\jwtCache.ts
FN:6,(anonymous_0)
FN:10,(anonymous_1)
FNF:2
FNH:2
FNDA:2,(anonymous_0)
FNDA:2,(anonymous_1)
DA:4,2
DA:6,2
DA:7,2
DA:10,2
DA:11,2
LF:5
LH:5
BRF:0
BRH:0
end_of_record
TN:
SF:src\infrastructure\context\envVariables.ts
FNF:0
FNH:0
DA:4,2
DA:5,2
DA:6,2
DA:7,2
DA:8,2
DA:9,2
DA:10,2
DA:11,2
DA:12,2
DA:13,2
DA:14,2
DA:15,2
DA:16,2
DA:17,2
LF:14
LH:14
BRDA:7,0,0,2
BRDA:7,0,1,0
BRDA:11,1,0,2
BRDA:11,1,1,0
BRDA:16,2,0,2
BRDA:16,2,1,0
BRF:6
BRH:3
end_of_record
TN:
SF:src\infrastructure\middleware\apiKeyValidator.ts
FN:9,(anonymous_0)
FNF:1
FNH:1
FNDA:4,(anonymous_0)
DA:7,2
DA:9,2
DA:11,4
DA:12,4
DA:13,2
DA:17,2
LF:6
LH:6
BRDA:12,0,0,2
BRDA:12,0,1,2
BRDA:12,1,0,4
BRDA:12,1,1,2
BRF:4
BRH:4
end_of_record
TN:
SF:src\infrastructure\middleware\checkUrlOrHeader.ts
FN:5,(anonymous_0)
FNF:1
FNH:0
FNDA:0,(anonymous_0)
DA:5,2
DA:6,0
LF:2
LH:1
BRF:0
BRH:0
end_of_record
TN:
SF:src\infrastructure\middleware\jwtValidator.ts
FN:8,(anonymous_0)
FNF:1
FNH:1
FNDA:4,(anonymous_0)
DA:8,2
DA:10,4
DA:11,4
DA:12,0
DA:16,4
DA:18,4
DA:19,4
DA:21,0
DA:24,4
LF:9
LH:7
BRDA:11,0,0,0
BRDA:11,0,1,4
BRF:2
BRH:1
end_of_record
TN:
SF:src\infrastructure\middleware\methodValidator.ts
FN:6,(anonymous_0)
FNF:1
FNH:1
FNDA:4,(anonymous_0)
DA:6,2
DA:8,4
DA:9,0
DA:12,4
LF:4
LH:3
BRDA:8,0,0,0
BRDA:8,0,1,4
BRF:2
BRH:1
end_of_record
TN:
SF:src\infrastructure\utils\jwtGenerator.ts
FN:8,(anonymous_0)
FNF:1
FNH:1
FNDA:6,(anonymous_0)
DA:8,2
DA:10,6
DA:12,6
DA:17,6
DA:23,6
LF:5
LH:5
BRF:0
BRH:0
end_of_record
TN:
SF:src\infrastructure\utils\utils.ts
FN:5,(anonymous_0)
FNF:1
FNH:0
FNDA:0,(anonymous_0)
DA:5,2
DA:6,0
DA:7,0
LF:3
LH:1
BRF:0
BRH:0
end_of_record
TN:
SF:src\presentation\controllers\DevOpsController.ts
FN:9,(anonymous_0)
FNF:1
FNH:1
FNDA:2,(anonymous_0)
DA:9,2
DA:10,2
DA:11,2
DA:12,2
DA:13,2
DA:14,2
DA:16,0
LF:7
LH:6
BRF:0
BRH:0
end_of_record
TN:
SF:src\presentation\routes\devOpsRouter.ts
FNF:0
FNH:0
DA:10,2
DA:12,2
LF:2
LH:2
BRF:0
BRH:0
end_of_record
TN:
SF:src\presentation\routes\index.ts
FN:12,(anonymous_0)
FN:18,(anonymous_1)
FN:23,(anonymous_2)
FN:26,(anonymous_3)
FNF:4
FNH:3
FNDA:4,(anonymous_0)
FNDA:4,(anonymous_1)
FNDA:2,(anonymous_2)
FNDA:0,(anonymous_3)
DA:8,2
DA:9,2
DA:10,2
DA:12,2
DA:13,4
DA:14,4
DA:18,2
DA:19,4
DA:22,4
DA:23,2
DA:24,2
DA:27,0
LF:12
LH:11
BRDA:22,0,0,2
BRDA:22,0,1,2
BRF:2
BRH:2
end_of_record
